<?xml version='1.0' encoding='UTF-8'?>
<testsuite hostname="leonardo-Z390-UD" name="EjercicioTests" tests="2" errors="0" failures="0" skipped="0" time="0.014" timestamp="2021-03-30T00:12:43">
                     <properties>
      <property name="awt.toolkit" value="sun.awt.X11.XToolkit"/><property name="java.specification.version" value="11"/><property name="sun.cpu.isalist" value=""/><property name="sun.jnu.encoding" value="UTF-8"/><property name="sun.arch.data.model" value="64"/><property name="java.vendor.url" value="https://ubuntu.com/"/><property name="sun.boot.library.path" value="/usr/lib/jvm/java-11-openjdk-amd64/lib"/><property name="sun.java.command" value="/usr/share/sbt/bin/sbt-launch.jar"/><property name="jdk.debug" value="release"/><property name="java.specification.vendor" value="Oracle Corporation"/><property name="java.version.date" value="2021-01-19"/><property name="java.home" value="/usr/lib/jvm/java-11-openjdk-amd64"/><property name="file.separator" value="/"/><property name="java.vm.compressedOopsMode" value="32-bit"/><property name="line.separator" value="
"/><property name="java.specification.name" value="Java Platform API Specification"/><property name="java.vm.specification.vendor" value="Oracle Corporation"/><property name="sun.management.compiler" value="HotSpot 64-Bit Tiered Compilers"/><property name="java.runtime.version" value="11.0.10+9-Ubuntu-0ubuntu1.20.04"/><property name="user.name" value="leonardo"/><property name="log4j.ignoreTCL" value="true"/><property name="file.encoding" value="UTF-8"/><property name="jnidispatch.path" value="/home/leonardo/.cache/JNA/temp/jna2339749116649612531.tmp"/><property name="jna.loaded" value="true"/><property name="java.io.tmpdir" value="/tmp"/><property name="java.version" value="11.0.10"/><property name="java.vm.specification.name" value="Java Virtual Machine Specification"/><property name="java.awt.printerjob" value="sun.print.PSPrinterJob"/><property name="sun.os.patch.level" value="unknown"/><property name="java.library.path" value="/usr/java/packages/lib:/usr/lib/x86_64-linux-gnu/jni:/lib/x86_64-linux-gnu:/usr/lib/x86_64-linux-gnu:/usr/lib/jni:/lib:/usr/lib"/><property name="java.vendor" value="Ubuntu"/><property name="scala.ext.dirs" value="/home/leonardo/.sbt/0.13/java9-rt-ext-ubuntu_11_0_10"/><property name="sun.io.unicode.encoding" value="UnicodeLittle"/><property name="sun.desktop" value="gnome"/><property name="java.class.path" value="/usr/share/sbt/bin/sbt-launch.jar"/><property name="java.vm.vendor" value="Ubuntu"/><property name="jline.shutdownhook" value="false"/><property name="user.timezone" value="America/Lima"/><property name="os.name" value="Linux"/><property name="java.vm.specification.version" value="11"/><property name="sun.java.launcher" value="SUN_STANDARD"/><property name="user.country" value="US"/><property name="sun.cpu.endian" value="little"/><property name="user.home" value="/home/leonardo"/><property name="user.language" value="en"/><property name="swoval.tmpdir" value="/home/leonardo/.sbt/1.0"/><property name="java.awt.graphicsenv" value="sun.awt.X11GraphicsEnvironment"/><property name="jline.esc.timeout" value="0"/><property name="path.separator" value=":"/><property name="os.version" value="5.8.0-48-generic"/><property name="jna.nosys" value="true"/><property name="java.runtime.name" value="OpenJDK Runtime Environment"/><property name="java.vm.name" value="OpenJDK 64-Bit Server VM"/><property name="jna.platform.library.path" value="/usr/lib/x86_64-linux-gnu:/lib/x86_64-linux-gnu:/usr/lib64:/lib64:/usr/lib:/lib:/lib/i386-linux-gnu:/lib/i386-linux-gnu/i686/sse2:/lib/i386-linux-gnu/sse2:/usr/lib/x86_64-linux-gnu/libfakeroot"/><property name="java.vendor.url.bug" value="https://bugs.launchpad.net/ubuntu/+source/openjdk-lts"/><property name="user.dir" value="/home/leonardo/Desktop/Code/Practice/Scala/Ejercicio Clean Code/Project1/project1"/><property name="os.arch" value="amd64"/><property name="java.vm.info" value="mixed mode, sharing"/><property name="java.vm.version" value="11.0.10+9-Ubuntu-0ubuntu1.20.04"/><property name="java.class.version" value="55.0"/>
    </properties>
                     <testcase classname="EjercicioTests" name="Ejercicio1 should Login user" time="0.013">
                                                 
                                               </testcase><testcase classname="EjercicioTests" name="Ejercicio1 should Not login user" time="0.001">
                                                 
                                               </testcase>
                     <system-out><![CDATA[]]></system-out>
                     <system-err><![CDATA[]]></system-err>
                   </testsuite>